# JRE version: OpenJDK Runtime Environment Temurin-17.0.3+7 (17.0.3+7) (build 17.0.3+7)
# Java VM: OpenJDK 64-Bit Server VM Temurin-17.0.3+7 (17.0.3+7, mixed mode, sharing, tiered, compressed oops, compressed class ptrs, g1 gc, windows-amd64)
GC Precious Log:
 CPUs: 8 total, 8 available
 Memory: 6082M
 Large Page Support: Disabled
 NUMA Support: Disabled
 Compressed Oops: Enabled (32-bit)
 Heap Region Size: 1M
 Heap Min Capacity: 8M
 Heap Initial Capacity: 96M
 Heap Max Capacity: 1522M
 Pre-touch: Disabled
 Parallel Workers: 8
 Concurrent Workers: 2
 Concurrent Refinement Workers: 8
 Periodic GC: Disabled
Heap:
 garbage-first heap   total 368640K, used 264134K [0x00000000a0e00000, 0x0000000100000000)
  region size 1024K, 109 young (111616K), 7 survivors (7168K)
 Metaspace       used 65674K, committed 66880K, reserved 1105920K
  class space    used 9956K, committed 10496K, reserved 1048576K
GC Heap History (20 events):
Event: 11.604 GC heap before
{Heap before GC invocations=28 (full 0):
 garbage-first heap   total 197632K, used 168735K [0x00000000a0e00000, 0x0000000100000000)
  region size 1024K, 74 young (75776K), 1 survivors (1024K)
 Metaspace       used 35966K, committed 36928K, reserved 1081344K
  class space    used 4555K, committed 4992K, reserved 1048576K
}
Event: 11.609 GC heap after
{Heap after GC invocations=29 (full 0):
 garbage-first heap   total 197632K, used 95030K [0x00000000a0e00000, 0x0000000100000000)
  region size 1024K, 2 young (2048K), 2 survivors (2048K)
 Metaspace       used 35966K, committed 36928K, reserved 1081344K
  class space    used 4555K, committed 4992K, reserved 1048576K
}
Event: 12.034 GC heap before
{Heap before GC invocations=30 (full 0):
 garbage-first heap   total 197632K, used 167734K [0x00000000a0e00000, 0x0000000100000000)
  region size 1024K, 74 young (75776K), 2 survivors (2048K)
 Metaspace       used 37523K, committed 38464K, reserved 1089536K
  class space    used 4963K, committed 5376K, reserved 1048576K
}
Event: 12.037 GC heap after
{Heap after GC invocations=31 (full 0):
 garbage-first heap   total 197632K, used 95696K [0x00000000a0e00000, 0x0000000100000000)
  region size 1024K, 3 young (3072K), 3 survivors (3072K)
 Metaspace       used 37523K, committed 38464K, reserved 1089536K
  class space    used 4963K, committed 5376K, reserved 1048576K
}
Event: 12.121 GC heap before
{Heap before GC invocations=31 (full 0):
 garbage-first heap   total 197632K, used 100816K [0x00000000a0e00000, 0x0000000100000000)
  region size 1024K, 9 young (9216K), 3 survivors (3072K)
 Metaspace       used 38123K, committed 39040K, reserved 1089536K
  class space    used 5045K, committed 5440K, reserved 1048576K
}
Event: 12.127 GC heap after
{Heap after GC invocations=32 (full 0):
 garbage-first heap   total 197632K, used 94872K [0x00000000a0e00000, 0x0000000100000000)
  region size 1024K, 1 young (1024K), 1 survivors (1024K)
 Metaspace       used 38123K, committed 39040K, reserved 1089536K
  class space    used 5045K, committed 5440K, reserved 1048576K
}
Event: 12.878 GC heap before
{Heap before GC invocations=32 (full 0):
 garbage-first heap   total 197632K, used 170648K [0x00000000a0e00000, 0x0000000100000000)
  region size 1024K, 75 young (76800K), 1 survivors (1024K)
 Metaspace       used 40631K, committed 41600K, reserved 1089536K
  class space    used 5377K, committed 5824K, reserved 1048576K
}
Event: 12.893 GC heap after
{Heap after GC invocations=33 (full 0):
 garbage-first heap   total 197632K, used 101868K [0x00000000a0e00000, 0x0000000100000000)
  region size 1024K, 8 young (8192K), 8 survivors (8192K)
 Metaspace       used 40631K, committed 41600K, reserved 1089536K
  class space    used 5377K, committed 5824K, reserved 1048576K
}
Event: 13.217 GC heap before
{Heap before GC invocations=33 (full 0):
 garbage-first heap   total 197632K, used 167404K [0x00000000a0e00000, 0x0000000100000000)
  region size 1024K, 72 young (73728K), 8 survivors (8192K)
 Metaspace       used 41432K, committed 42368K, reserved 1089536K
  class space    used 5506K, committed 5952K, reserved 1048576K
}
Event: 13.239 GC heap after
{Heap after GC invocations=34 (full 0):
 garbage-first heap   total 197632K, used 108509K [0x00000000a0e00000, 0x0000000100000000)
  region size 1024K, 7 young (7168K), 7 survivors (7168K)
 Metaspace       used 41432K, committed 42368K, reserved 1089536K
  class space    used 5506K, committed 5952K, reserved 1048576K
}
Event: 13.461 GC heap before
{Heap before GC invocations=34 (full 0):
 garbage-first heap   total 197632K, used 164829K [0x00000000a0e00000, 0x0000000100000000)
  region size 1024K, 62 young (63488K), 7 survivors (7168K)
 Metaspace       used 41796K, committed 42752K, reserved 1089536K
  class space    used 5569K, committed 6016K, reserved 1048576K
}
Event: 13.480 GC heap after
{Heap after GC invocations=35 (full 0):
 garbage-first heap   total 368640K, used 115712K [0x00000000a0e00000, 0x0000000100000000)
  region size 1024K, 7 young (7168K), 7 survivors (7168K)
 Metaspace       used 41796K, committed 42752K, reserved 1089536K
  class space    used 5569K, committed 6016K, reserved 1048576K
}
Event: 14.478 GC heap before
{Heap before GC invocations=36 (full 0):
 garbage-first heap   total 368640K, used 302080K [0x00000000a0e00000, 0x0000000100000000)
  region size 1024K, 189 young (193536K), 7 survivors (7168K)
 Metaspace       used 44031K, committed 45056K, reserved 1089536K
  class space    used 5961K, committed 6400K, reserved 1048576K
}
Event: 14.502 GC heap after
{Heap after GC invocations=37 (full 0):
 garbage-first heap   total 368640K, used 131751K [0x00000000a0e00000, 0x0000000100000000)
  region size 1024K, 23 young (23552K), 23 survivors (23552K)
 Metaspace       used 44031K, committed 45056K, reserved 1089536K
  class space    used 5961K, committed 6400K, reserved 1048576K
}
Event: 14.529 GC heap before
{Heap before GC invocations=37 (full 0):
 garbage-first heap   total 368640K, used 132775K [0x00000000a0e00000, 0x0000000100000000)
  region size 1024K, 24 young (24576K), 23 survivors (23552K)
 Metaspace       used 44138K, committed 45120K, reserved 1089536K
  class space    used 5975K, committed 6400K, reserved 1048576K
}
Event: 14.549 GC heap after
{Heap after GC invocations=38 (full 0):
 garbage-first heap   total 368640K, used 132833K [0x00000000a0e00000, 0x0000000100000000)
  region size 1024K, 3 young (3072K), 3 survivors (3072K)
 Metaspace       used 44138K, committed 45120K, reserved 1089536K
  class space    used 5975K, committed 6400K, reserved 1048576K
}
Event: 16.847 GC heap before
{Heap before GC invocations=38 (full 0):
 garbage-first heap   total 368640K, used 287457K [0x00000000a0e00000, 0x0000000100000000)
  region size 1024K, 152 young (155648K), 3 survivors (3072K)
 Metaspace       used 53909K, committed 54976K, reserved 1097728K
  class space    used 7948K, committed 8384K, reserved 1048576K
}
Event: 16.866 GC heap after
{Heap after GC invocations=39 (full 0):
 garbage-first heap   total 368640K, used 153028K [0x00000000a0e00000, 0x0000000100000000)
  region size 1024K, 19 young (19456K), 19 survivors (19456K)
 Metaspace       used 53909K, committed 54976K, reserved 1097728K
  class space    used 7948K, committed 8384K, reserved 1048576K
}
Event: 18.171 GC heap before
{Heap before GC invocations=39 (full 0):
 garbage-first heap   total 368640K, used 283076K [0x00000000a0e00000, 0x0000000100000000)
  region size 1024K, 146 young (149504K), 19 survivors (19456K)
 Metaspace       used 60124K, committed 61376K, reserved 1105920K
  class space    used 9108K, committed 9664K, reserved 1048576K
}
Event: 18.193 GC heap after
{Heap after GC invocations=40 (full 0):
 garbage-first heap   total 368640K, used 160710K [0x00000000a0e00000, 0x0000000100000000)
  region size 1024K, 7 young (7168K), 7 survivors (7168K)
 Metaspace       used 60124K, committed 61376K, reserved 1105920K
  class space    used 9108K, committed 9664K, reserved 1048576K
}

